<?xml version="1.0" encoding="utf-8"?><testsuites name="pytest tests"><testsuite name="pytest" errors="0" failures="0" skipped="0" tests="1881" time="238.469" timestamp="2026-08-31T19:44:55.182484+05:00" hostname="Vadim"><testcase classname="tests.calculation_audit.test_benchmark_cases" name="test_example_1_reference_source_and_one_impedance" time="0.001" /><testcase classname="tests.calculation_audit.test_benchmark_cases" name="test_example_1_production_source_and_one_impedance" time="0.001" /><testcase classname="tests.calculation_audit.test_benchmark_cases" name="test_example_2_reference_parallel_branches" time="0.000" /><testcase classname="tests.calculation_audit.test_benchmark_cases" name="test_example_2_production_parallel_branches" time="0.001" /><testcase classname="tests.calculation_audit.test_benchmark_cases" name="test_example_3_reference_infinite_source_and_transformer" time="0.000" /><testcase classname="tests.calculation_audit.test_benchmark_cases" name="test_example_3_production_infinite_source_and_transformer" time="0.000" /><testcase classname="tests.calculation_audit.test_benchmark_cases" name="test_example_4_reference_three_serial_sections" time="0.000" /><testcase classname="tests.calculation_audit.test_benchmark_cases" name="test_example_4_production_three_serial_sections" time="0.001" /><testcase classname="tests.calculation_audit.test_benchmark_cases" name="test_example_5_two_sources_and_recloser" time="0.001" /><testcase classname="tests.calculation_audit.test_benchmark_cases" name="test_example_6_independent_per_unit_reference" time="0.000" /><testcase classname="tests.calculation_audit.test_benchmark_cases" name="test_example_6_independent_named_ohms_matches_per_unit" time="0.000" /><testcase classname="tests.calculation_audit.test_benchmark_cases" name="test_example_6_production_impedance_components_match_reference" time="0.001" /><testcase classname="tests.calculation_audit.test_benchmark_cases" name="test_example_6_production_voltage_model_matches[\u041a\u0417 0,4 \u043a\u0412]" time="0.000" /><testcase classname="tests.calculation_audit.test_benchmark_cases" name="test_example_6_production_voltage_model_matches[\u0432\u0435\u0442\u0432\u044c 10 \u043a\u0412]" time="0.000" /><testcase classname="tests.calculation_audit.test_benchmark_cases" name="test_example_6_production_voltage_model_matches[\u0412\u041b 110 \u043a\u0412]" time="0.000" /><testcase classname="tests.calculation_audit.test_benchmark_cases" name="test_example_6_production_voltage_model_matches[\u0441\u0442\u043e\u0440\u043e\u043d\u0430 \u0433\u0435\u043d\u0435\u0440\u0430\u0442\u043e\u0440\u0430 10,5 \u043a\u0412]" time="0.000" /><testcase classname="tests.calculation_audit.test_benchmark_cases" name="test_two_phase_factor_uses_exact_equal_sequence_value" time="0.000" /><testcase classname="tests.calculation_audit.test_benchmark_cases" name="test_branch_current_sign_changes_when_branch_orientation_is_reversed" time="0.001" /><testcase classname="tests.calculation_audit.test_benchmark_cases" name="test_legacy_core_validation_rejects_nan_source_data" time="0.000" /><testcase classname="tests.calculation_audit.test_benchmark_cases" name="test_legacy_core_validation_rejects_negative_short_circuit_power" time="0.000" /><testcase classname="tests.calculation_audit.test_input_integrity" name="test_repeated_calculation_is_bitwise_repeatable" time="0.001" /><testcase classname="tests.calculation_audit.test_input_integrity" name="test_save_reload_preserves_short_circuit_result" time="0.016" /><testcase classname="tests.calculation_audit.test_input_integrity" name="test_missing_line_length_blocks_engine" time="0.000" /><testcase classname="tests.calculation_audit.test_input_integrity" name="test_placeholder_methodology_is_explicitly_reported" time="0.002" /><testcase classname="tests.calculation_audit.test_input_integrity" name="test_typical_methodology_is_reported_as_not_approved" time="0.002" /><testcase classname="tests.calculation_audit.test_input_integrity" name="test_unverified_line_fallback_is_visible_in_trace" time="0.000" /><testcase classname="tests.calculation_audit.test_input_integrity" name="test_unenergized_island_is_not_reported_as_zero_current" time="0.000" /><testcase classname="tests.calculation_audit.test_input_integrity" name="test_non_finite_line_impedance_must_be_rejected" time="0.000" /><testcase classname="tests.calculation_audit.test_input_integrity" name="test_conflicting_source_power_and_current_must_be_rejected" time="0.000" /><testcase classname="tests.calculation_audit.test_input_integrity" name="test_motor_contribution_omission_must_be_reported" time="0.002" /><testcase classname="tests.calculation_audit.test_input_integrity" name="test_negative_line_impedance_must_be_rejected" time="0.000" /><testcase classname="tests.calculation_audit.test_input_integrity" name="test_negative_two_winding_transformer_uk_must_be_rejected" time="0.000" /><testcase classname="tests.calculation_audit.test_numerical_boundaries" name="test_reference_branch_rejects_non_finite_impedance[NaN]" time="0.000" /><testcase classname="tests.calculation_audit.test_numerical_boundaries" name="test_reference_branch_rejects_non_finite_impedance[+Infinity]" time="0.000" /><testcase classname="tests.calculation_audit.test_numerical_boundaries" name="test_reference_branch_rejects_non_finite_impedance[-Infinity]" time="0.000" /><testcase classname="tests.calculation_audit.test_numerical_boundaries" name="test_reference_per_unit_rejects_invalid_bases[S\u0431=0]" time="0.000" /><testcase classname="tests.calculation_audit.test_numerical_boundaries" name="test_reference_per_unit_rejects_invalid_bases[S\u0431&lt;0]" time="0.000" /><testcase classname="tests.calculation_audit.test_numerical_boundaries" name="test_reference_per_unit_rejects_invalid_bases[S\u0431=NaN]" time="0.000" /><testcase classname="tests.calculation_audit.test_numerical_boundaries" name="test_reference_per_unit_rejects_invalid_bases[S\u0431=Infinity]" time="0.000" /><testcase classname="tests.calculation_audit.test_numerical_boundaries" name="test_reference_per_unit_rejects_invalid_bases[U\u0431=0]" time="0.000" /><testcase classname="tests.calculation_audit.test_numerical_boundaries" name="test_reference_per_unit_rejects_invalid_bases[U\u0431&lt;0]" time="0.000" /><testcase classname="tests.calculation_audit.test_numerical_boundaries" name="test_reference_per_unit_rejects_invalid_bases[U\u0431=NaN]" time="0.000" /><testcase classname="tests.calculation_audit.test_numerical_boundaries" name="test_reference_per_unit_rejects_invalid_bases[U\u0431=Infinity]" time="0.000" /><testcase classname="tests.calculation_audit.test_numerical_boundaries" name="test_reference_per_unit_rejects_non_finite_impedance[Z*=NaN]" time="0.000" /><testcase classname="tests.calculation_audit.test_numerical_boundaries" name="test_reference_per_unit_rejects_non_finite_impedance[Z*=+Infinity]" time="0.000" /><testcase classname="tests.calculation_audit.test_numerical_boundaries" name="test_reference_per_unit_rejects_non_finite_impedance[Z*=-Infinity]" time="0.000" /><testcase classname="tests.calculation_audit.test_numerical_boundaries" name="test_reference_rejects_zero_impedance_before_division" time="0.000" /><testcase classname="tests.calculation_audit.test_numerical_boundaries" name="test_legacy_core_validation_rejects_infinite_source_data" time="0.000" /><testcase classname="tests.calculation_audit.test_numerical_boundaries" name="test_zero_source_value_stops_before_division" time="0.000" /><testcase classname="tests.calculation_audit.test_numerical_boundaries" name="test_finite_source_input_overflow_is_not_returned_as_a_current" time="0.000" /><testcase classname="tests.calculation_audit.test_numerical_boundaries" name="test_zero_transformer_power_is_blocked_before_impedance_division" time="0.000" /><testcase classname="tests.calculation_audit.test_numerical_boundaries" name="test_production_zero_impedance_threshold_is_reproducible[Z=0]" time="0.001" /><testcase classname="tests.calculation_audit.test_numerical_boundaries" name="test_production_zero_impedance_threshold_is_reproducible[Z \u043d\u0438\u0436\u0435 \u043f\u043e\u0440\u043e\u0433\u0430]" time="0.001" /><testcase classname="tests.calculation_audit.test_numerical_boundaries" name="test_production_zero_impedance_threshold_is_reproducible[Z \u0432\u044b\u0448\u0435 \u043f\u043e\u0440\u043e\u0433\u0430]" time="0.001" /><testcase classname="tests.calculation_audit.test_numerical_boundaries" name="test_very_large_impedance_produces_finite_small_current" time="0.000" /><testcase classname="tests.calculation_audit.test_numerical_boundaries" name="test_unequal_parallel_branches_match_independent_ybus[\u043e\u0442\u043d\u043e\u0448\u0435\u043d\u0438\u0435 Z=2]" time="0.001" /><testcase classname="tests.calculation_audit.test_numerical_boundaries" name="test_unequal_parallel_branches_match_independent_ybus[\u043e\u0442\u043d\u043e\u0448\u0435\u043d\u0438\u0435 Z=1e6]" time="0.001" /><testcase classname="tests.calculation_audit.test_numerical_boundaries" name="test_complex_mesh_matches_independent_ybus_and_kirchhoff" time="0.001" /><testcase classname="tests.calculation_audit.test_numerical_boundaries" name="test_reference_solver_rejects_singular_ybus" time="0.000" /><testcase classname="tests.calculation_audit.test_numerical_boundaries" name="test_production_solver_rejects_non_passive_line_before_ybus" time="0.000" /><testcase classname="tests.calculation_audit.test_numerical_boundaries" name="test_near_singular_case_matches_reference_with_known_condition_number" time="0.001" /><testcase classname="tests.calculation_audit.test_numerical_boundaries" name="test_two_nearly_ideal_sources_match_independent_ybus" time="0.000" /><testcase classname="tests.calculation_audit.test_numerical_boundaries" name="test_control_example_repeat_and_save_reload_are_identical[\u043f\u0440\u0438\u043c\u0435\u0440 1]" time="0.011" /><testcase classname="tests.calculation_audit.test_numerical_boundaries" name="test_control_example_repeat_and_save_reload_are_identical[\u043f\u0440\u0438\u043c\u0435\u0440 2]" time="0.011" /><testcase classname="tests.calculation_audit.test_numerical_boundaries" name="test_control_example_repeat_and_save_reload_are_identical[\u043f\u0440\u0438\u043c\u0435\u0440 3]" time="0.010" /><testcase classname="tests.calculation_audit.test_numerical_boundaries" name="test_control_example_repeat_and_save_reload_are_identical[\u043f\u0440\u0438\u043c\u0435\u0440 4]" time="0.013" /><testcase classname="tests.calculation_audit.test_numerical_boundaries" name="test_control_example_repeat_and_save_reload_are_identical[\u043f\u0440\u0438\u043c\u0435\u0440 5]" time="0.019" /><testcase classname="tests.calculation_audit.test_numerical_boundaries" name="test_control_example_repeat_and_save_reload_are_identical[\u043f\u0440\u0438\u043c\u0435\u0440 6]" time="0.015" /><testcase classname="tests.calculation_audit.test_topology_and_freshness" name="test_full_graph_keeps_parallel_links_ring_and_two_real_sources" time="0.003" /><testcase classname="tests.calculation_audit.test_topology_and_freshness" name="test_recloser_state_reaches_projection_adapter_and_core_network" time="0.004" /><testcase classname="tests.calculation_audit.test_topology_and_freshness" name="test_graphical_move_does_not_change_domain_or_topology" time="0.003" /><testcase classname="tests.calculation_audit.test_topology_and_freshness" name="test_aud_top_001_topology_cache_must_not_alias_divergent_history" time="0.005" /><testcase classname="tests.calculation_audit.test_topology_and_freshness" name="test_aud_top_002_project_data_must_refresh_same_revision_new_content" time="0.009" /><testcase classname="tests.calculation_audit.test_topology_and_freshness" name="test_aud_top_003_view_model_result_must_use_current_project_network" time="0.012" /><testcase classname="tests.calculation_audit.test_topology_and_freshness" name="test_aud_top_004_projection_must_reject_foreign_topology_registry" time="0.002" /><testcase classname="tests.test_a2_calculation_case" name="test_saved_case_replays_after_external_methodology_file_is_replaced_and_deleted" time="0.073" /><testcase classname="tests.test_a2_calculation_case" name="test_case_refuses_replay_on_different_network" time="0.038" /><testcase classname="tests.test_a2_calculation_case" name="test_case_guards_declaration_order_without_changing_network_fingerprint[nodes]" time="0.039" /><testcase classname="tests.test_a2_calculation_case" name="test_case_guards_declaration_order_without_changing_network_fingerprint[branches]" time="0.039" /><testcase classname="tests.test_a2_calculation_case" name="test_case_guards_declaration_order_without_changing_network_fingerprint[transformers3w]" time="0.519" /><testcase classname="tests.test_a2_calculation_case" name="test_case_guards_declaration_order_without_changing_network_fingerprint[loads]" time="0.040" /><testcase classname="tests.test_a2_calculation_case" name="test_case_guards_declaration_order_without_changing_network_fingerprint[modes]" time="0.039" /><testcase classname="tests.test_a2_calculation_case" name="test_case_rejects_incomplete_or_invalid_order_metadata[None]" time="0.039" /><testcase classname="tests.test_a2_calculation_case" name="test_case_rejects_incomplete_or_invalid_order_metadata[invalid1]" time="0.036" /><testcase classname="tests.test_a2_calculation_case" name="test_case_rejects_incomplete_or_invalid_order_metadata[invalid2]" time="0.038" /><testcase classname="tests.test_a2_calculation_case" name="test_case_rejects_incomplete_or_invalid_order_metadata[invalid3]" time="0.037" /><testcase classname="tests.test_a2_calculation_case" name="test_case_refuses_replay_under_different_calculation_version[kernel_version]" time="0.038" /><testcase classname="tests.test_a2_calculation_case" name="test_case_refuses_replay_under_different_calculation_version[algorithm_version]" time="0.039" /><testcase classname="tests.test_a2_calculation_case" name="test_case_checks_profile_fingerprint_and_does_not_accept_metadata_only_snapshot" time="0.040" /><testcase classname="tests.test_a2_calculation_case" name="test_case_save_refuses_to_overwrite_existing_file" time="0.042" /><testcase classname="tests.test_a2_calculation_case" name="test_case_load_rejects_corrupt_or_ambiguous_json[not json]" time="0.002" /><testcase classname="tests.test_a2_calculation_case" name="test_case_load_rejects_corrupt_or_ambiguous_json[{&quot;schema&quot;: NaN}]" time="0.002" /><testcase classname="tests.test_a2_calculation_case" name="test_case_load_rejects_corrupt_or_ambiguous_json[{&quot;schema&quot;: 1, &quot;schema&quot;: 2}]" time="0.005" /><testcase classname="tests.test_a2_calculation_case" name="test_case_load_rejects_corrupt_or_ambiguous_json[oversized-integer]" time="0.002" /><testcase classname="tests.test_a2_calculation_case" name="test_case_load_rejects_corrupt_or_ambiguous_json[too-deep]" time="0.003" /><testcase classname="tests.test_a2_calculation_regressions" name="test_backup_keeps_permitted_path_in_either_declaration_order[True]" time="0.003" /><testcase classname="tests.test_a2_calculation_regressions" name="test_backup_keeps_permitted_path_in_either_declaration_order[False]" time="0.003" /><testcase classname="tests.test_a2_calculation_regressions" name="test_backup_without_bypass_crosses_transformer_only_with_explicit_opt_in[False]" time="0.002" /><testcase classname="tests.test_a2_calculation_regressions" name="test_backup_without_bypass_crosses_transformer_only_with_explicit_opt_in[True]" time="0.002" /><testcase classname="tests.test_a2_calculation_regressions" name="test_generated_three_winding_hv_leg_uses_its_known_nameplate_voltage" time="0.003" /><testcase classname="tests.test_a2_calculation_regressions" name="test_different_nameplate_voltages_are_not_merged_as_duplicate_candidates" time="0.000" /><testcase classname="tests.test_a2_calculation_regressions" name="test_nameplate_basis_changes_the_accepted_setting_when_inrush_governs" time="0.005" /><testcase classname="tests.test_a2_cli_regressions" name="test_unknown_feeder_process_exits_with_input_error[feeder]" time="0.261" /><testcase classname="tests.test_a2_cli_regressions" name="test_unknown_feeder_process_exits_with_input_error[explain]" time="0.263" /><testcase classname="tests.test_a2_cli_regressions" name="test_old_protocol_uses_frozen_sources_name_status_and_warning" time="0.049" /><testcase classname="tests.test_a2_cli_regressions" name="test_cli_saves_passport_without_concealing_failed_protections" time="0.129" /><testcase classname="tests.test_a2_cli_regressions" name="test_cli_passport_save_does_not_overwrite_existing_file" time="0.040" /><testcase classname="tests.test_a2_cli_regressions" name="test_cli_replays_in_new_process_without_the_original_methodology_file[deleted]" time="1.049" /><testcase classname="tests.test_a2_cli_regressions" name="test_cli_replays_in_new_process_without_the_original_methodology_file[corrupt]" time="1.041" /><testcase classname="tests.test_a2_cli_regressions" name="test_cli_replays_in_new_process_without_the_original_methodology_file[changed]" time="1.063" /><testcase classname="tests.test_a2_cli_regressions" name="test_cli_replay_rejects_changed_inputs_or_incompatible_passports[model]" time="0.547" /><testcase classname="tests.test_a2_cli_regressions" name="test_cli_replay_rejects_changed_inputs_or_incompatible_passports[mode-order]" time="0.581" /><testcase classname="tests.test_a2_cli_regressions" name="test_cli_replay_rejects_changed_inputs_or_incompatible_passports[kernel]" time="0.546" /><testcase classname="tests.test_a2_cli_regressions" name="test_cli_replay_rejects_changed_inputs_or_incompatible_passports[algorithm]" time="0.550" /><testcase classname="tests.test_a2_cli_regressions" name="test_cli_replay_rejects_changed_inputs_or_incompatible_passports[profile-hash]" time="0.532" /><testcase classname="tests.test_a2_cli_regressions" name="test_cli_replay_requires_exactly_one_passport_path[args0]" time="0.000" /><testcase classname="tests.test_a2_cli_regressions" name="test_cli_replay_requires_exactly_one_passport_path[args1]" time="0.000" /><testcase classname="tests.test_a2_cli_regressions" name="test_cli_replay_rejects_missing_corrupt_or_incomplete_passport[None]" time="0.210" /><testcase classname="tests.test_a2_cli_regressions" name="test_cli_replay_rejects_missing_corrupt_or_incomplete_passport[not JSON]" time="0.215" /><testcase classname="tests.test_a2_cli_regressions" name="test_cli_replay_rejects_missing_corrupt_or_incomplete_passport[{&quot;schema&quot;: NaN}]" time="0.212" /><testcase classname="tests.test_a2_cli_regressions" name="test_cli_replay_rejects_missing_corrupt_or_incomplete_passport[{&quot;schema&quot;: &quot;rza-calculation-case/1&quot;}]" time="0.208" /><testcase classname="tests.test_a2_methodology_override" name="test_explicit_override_never_reads_external_methodology[missing-load_project]" time="0.034" /><testcase classname="tests.test_a2_methodology_override" name="test_explicit_override_never_reads_external_methodology[missing-load]" time="0.036" /><testcase classname="tests.test_a2_methodology_override" name="test_explicit_override_never_reads_external_methodology[corrupt-load_project]" time="0.032" /><testcase classname="tests.test_a2_methodology_override" name="test_explicit_override_never_reads_external_methodology[corrupt-load]" time="0.036" /><testcase classname="tests.test_a2_methodology_override" name="test_explicit_override_never_reads_external_methodology[changed-load_project]" time="0.033" /><testcase classname="tests.test_a2_methodology_override" name="test_explicit_override_never_reads_external_methodology[changed-load]" time="0.037" /><testcase classname="tests.test_a2_methodology_override" name="test_without_override_external_file_errors_are_preserved[missing-load_project]" time="0.040" /><testcase classname="tests.test_a2_methodology_override" name="test_without_override_external_file_errors_are_preserved[missing-load]" time="0.039" /><testcase classname="tests.test_a2_methodology_override" name="test_without_override_external_file_errors_are_preserved[corrupt-load_project]" time="0.042" /><testcase classname="tests.test_a2_methodology_override" name="test_without_override_external_file_errors_are_preserved[corrupt-load]" time="0.040" /><testcase classname="tests.test_a2_methodology_override" name="test_without_override_current_external_profile_is_still_loaded[load_project]" time="0.036" /><testcase classname="tests.test_a2_methodology_override" name="test_without_override_current_external_profile_is_still_loaded[load]" time="0.038" /><testcase classname="tests.test_a2_methodology_override" name="test_override_caller_restored_profile_and_inline_reference_are_independent" time="0.033" /><testcase classname="tests.test_a2_methodology_override" name="test_malformed_override_is_rejected_before_it_can_be_used[mapping]" time="0.022" /><testcase classname="tests.test_a2_methodology_override" name="test_malformed_override_is_rejected_before_it_can_be_used[number]" time="0.023" /><testcase classname="tests.test_a2_methodology_override" name="test_malformed_override_is_rejected_before_it_can_be_used[empty]" time="0.022" /><testcase classname="tests.test_a2_methodology_override" name="test_malformed_override_is_rejected_before_it_can_be_used[missing]" time="0.022" /><testcase classname="tests.test_a2_methodology_override" name="test_malformed_override_is_rejected_before_it_can_be_used[choice]" time="0.025" /><testcase classname="tests.test_a2_methodology_override" name="test_malformed_override_is_rejected_before_it_can_be_used[nan]" time="0.023" /><testcase classname="tests.test_a2_methodology_override" name="test_malformed_override_is_rejected_before_it_can_be_used[container]" time="0.023" /><testcase classname="tests.test_a2_methodology_override" name="test_override_rejects_reserved_root_file_instead_of_losing_it_on_save" time="0.025" /><testcase classname="tests.test_a2_methodology_override" name="test_override_is_keyword_only[load_project]" time="0.002" /><testcase classname="tests.test_a2_methodology_override" name="test_override_is_keyword_only[load]" time="0.002" /><testcase classname="tests.test_a2_methodology_override" name="test_save_after_override_is_self_contained_and_preserves_model_and_ids" time="0.144" /><testcase classname="tests.test_a2_methodology_override" name="test_override_does_not_bypass_electrical_model_and_id_validation[dangling_port-load_project]" time="0.010" /><testcase classname="tests.test_a2_methodology_override" name="test_override_does_not_bypass_electrical_model_and_id_validation[dangling_port-load]" time="0.009" /><testcase classname="tests.test_a2_methodology_override" name="test_override_does_not_bypass_electrical_model_and_id_validation[duplicate_id-load_project]" time="0.008" /><testcase classname="tests.test_a2_methodology_override" name="test_override_does_not_bypass_electrical_model_and_id_validation[duplicate_id-load]" time="0.008" /><testcase classname="tests.test_a2_methodology_override" name="test_override_does_not_bypass_electrical_model_and_id_validation[wrong_name-load_project]" time="0.010" /><testcase classname="tests.test_a2_methodology_override" name="test_override_does_not_bypass_electrical_model_and_id_validation[wrong_name-load]" time="0.010" /><testcase classname="tests.test_a2_methodology_override" name="test_load_with_override_still_blocks_an_editable_unconnected_draft" time="0.159" /><testcase classname="tests.test_a2_methodology_regressions" name="test_project_approval_requires_real_nonempty_text[approved_by-None]" time="0.001" /><testcase classname="tests.test_a2_methodology_regressions" name="test_project_approval_requires_real_nonempty_text[approved_by-False]" time="0.000" /><testcase classname="tests.test_a2_methodology_regressions" name="test_project_approval_requires_real_nonempty_text[approved_by-True]" time="0.000" /><testcase classname="tests.test_a2_methodology_regressions" name="test_project_approval_requires_real_nonempty_text[approved_by-0]" time="0.000" /><testcase classname="tests.test_a2_methodology_regressions" name="test_project_approval_requires_real_nonempty_text[approved_by-12]" time="0.000" /><testcase classname="tests.test_a2_methodology_regressions" name="test_project_approval_requires_real_nonempty_text[approved_by-1.25]" time="0.000" /><testcase classname="tests.test_a2_methodology_regressions" name="test_project_approval_requires_real_nonempty_text[approved_by-value6]" time="0.000" /><testcase classname="tests.test_a2_methodology_regressions" name="test_project_approval_requires_real_nonempty_text[approved_by-value7]" time="0.000" /><testcase classname="tests.test_a2_methodology_regressions" name="test_project_approval_requires_real_nonempty_text[approved_by-value8]" time="0.000" /><testcase classname="tests.test_a2_methodology_regressions" name="test_project_approval_requires_real_nonempty_text[approved_by-value9]" time="0.000" /><testcase classname="tests.test_a2_methodology_regressions" name="test_project_approval_requires_real_nonempty_text[approved_by-]" time="0.000" /><testcase classname="tests.test_a2_methodology_regressions" name="test_project_approval_requires_real_nonempty_text[approved_by-  ]" time="0.000" /><testcase classname="tests.test_a2_methodology_regressions" name="test_project_approval_requires_real_nonempty_text[approved_on-None]" time="0.000" /><testcase classname="tests.test_a2_methodology_regressions" name="test_project_approval_requires_real_nonempty_text[approved_on-False]" time="0.000" /><testcase classname="tests.test_a2_methodology_regressions" name="test_project_approval_requires_real_nonempty_text[approved_on-True]" time="0.000" /><testcase classname="tests.test_a2_methodology_regressions" name="test_project_approval_requires_real_nonempty_text[approved_on-0]" time="0.000" /><testcase classname="tests.test_a2_methodology_regressions" name="test_project_approval_requires_real_nonempty_text[approved_on-12]" time="0.000" /><testcase classname="tests.test_a2_methodology_regressions" name="test_project_approval_requires_real_nonempty_text[approved_on-1.25]" time="0.000" /><testcase classname="tests.test_a2_methodology_regressions" name="test_project_approval_requires_real_nonempty_text[approved_on-value6]" time="0.000" /><testcase classname="tests.test_a2_methodology_regressions" name="test_project_approval_requires_real_nonempty_text[approved_on-value7]" time="0.000" /><testcase classname="tests.test_a2_methodology_regressions" name="test_project_approval_requires_real_nonempty_text[approved_on-value8]" time="0.000" /><testcase classname="tests.test_a2_methodology_regressions" name="test_project_approval_requires_real_nonempty_text[approved_on-value9]" time="0.000" /><testcase classname="tests.test_a2_methodology_regressions" name="test_project_approval_requires_real_nonempty_text[approved_on-]" time="0.000" /><testcase classname="tests.test_a2_methodology_regressions" name="test_project_approval_requires_real_nonempty_text[approved_on-  ]" time="0.000" /><testcase classname="tests.test_a2_methodology_regressions" name="test_project_approval_requires_real_nonempty_text[object-None]" time="0.000" /><testcase classname="tests.test_a2_methodology_regressions" name="test_project_approval_requires_real_nonempty_text[object-False]" time="0.000" /><testcase classname="tests.test_a2_methodology_regressions" name="test_project_approval_requires_real_nonempty_text[object-True]" time="0.000" /><testcase classname="tests.test_a2_methodology_regressions" name="test_project_approval_requires_real_nonempty_text[object-0]" time="0.000" /><testcase classname="tests.test_a2_methodology_regressions" name="test_project_approval_requires_real_nonempty_text[object-12]" time="0.000" /><testcase classname="tests.test_a2_methodology_regressions" name="test_project_approval_requires_real_nonempty_text[object-1.25]" time="0.000" /><testcase classname="tests.test_a2_methodology_regressions" name="test_project_approval_requires_real_nonempty_text[object-value6]" time="0.000" /><testcase classname="tests.test_a2_methodology_regressions" name="test_project_approval_requires_real_nonempty_text[object-value7]" time="0.000" /><testcase classname="tests.test_a2_methodology_regressions" name="test_project_approval_requires_real_nonempty_text[object-value8]" time="0.000" /><testcase classname="tests.test_a2_methodology_regressions" name="test_project_approval_requires_real_nonempty_text[object-value9]" time="0.000" /><testcase classname="tests.test_a2_methodology_regressions" name="test_project_approval_requires_real_nonempty_text[object-]" time="0.000" /><testcase classname="tests.test_a2_methodology_regressions" name="test_project_approval_requires_real_nonempty_text[object-  ]" time="0.000" /><testcase classname="tests.test_a2_methodology_regressions" name="test_named_sources_cannot_be_null_or_stringified_containers[mtz.k_ots-None]" time="0.000" /><testcase classname="tests.test_a2_methodology_regressions" name="test_named_sources_cannot_be_null_or_stringified_containers[mtz.k_ots-False]" time="0.000" /><testcase classname="tests.test_a2_methodology_regressions" name="test_named_sources_cannot_be_null_or_stringified_containers[mtz.k_ots-True]" time="0.000" /><testcase classname="tests.test_a2_methodology_regressions" name="test_named_sources_cannot_be_null_or_stringified_containers[mtz.k_ots-0]" time="0.000" /><testcase classname="tests.test_a2_methodology_regressions" name="test_named_sources_cannot_be_null_or_stringified_containers[mtz.k_ots-12]" time="0.000" /><testcase classname="tests.test_a2_methodology_regressions" name="test_named_sources_cannot_be_null_or_stringified_containers[mtz.k_ots-1.25]" time="0.000" /><testcase classname="tests.test_a2_methodology_regressions" name="test_named_sources_cannot_be_null_or_stringified_containers[mtz.k_ots-value6]" time="0.000" /><testcase classname="tests.test_a2_methodology_regressions" name="test_named_sources_cannot_be_null_or_stringified_containers[mtz.k_ots-value7]" time="0.000" /><testcase classname="tests.test_a2_methodology_regressions" name="test_named_sources_cannot_be_null_or_stringified_containers[mtz.k_ots-value8]" time="0.000" /><testcase classname="tests.test_a2_methodology_regressions" name="test_named_sources_cannot_be_null_or_stringified_containers[mtz.k_ots-value9]" time="0.000" /><testcase classname="tests.test_a2_methodology_regressions" name="test_named_sources_cannot_be_null_or_stringified_containers[mtz.k_ots-]" time="0.000" /><testcase classname="tests.test_a2_methodology_regressions" name="test_named_sources_cannot_be_null_or_stringified_containers[mtz.k_ots-  ]" time="0.000" /><testcase classname="tests.test_a2_methodology_regressions" name="test_named_sources_cannot_be_null_or_stringified_containers[short_circuit.meta-None]" time="0.000" /><testcase classname="tests.test_a2_methodology_regressions" name="test_named_sources_cannot_be_null_or_stringified_containers[short_circuit.meta-False]" time="0.000" /><testcase classname="tests.test_a2_methodology_regressions" name="test_named_sources_cannot_be_null_or_stringified_containers[short_circuit.meta-True]" time="0.000" /><testcase classname="tests.test_a2_methodology_regressions" name="test_named_sources_cannot_be_null_or_stringified_containers[short_circuit.meta-0]" time="0.000" /><testcase classname="tests.test_a2_methodology_regressions" name="test_named_sources_cannot_be_null_or_stringified_containers[short_circuit.meta-12]" time="0.000" /><testcase classname="tests.test_a2_methodology_regressions" name="test_named_sources_cannot_be_null_or_stringified_containers[short_circuit.meta-1.25]" time="0.000" /><testcase classname="tests.test_a2_methodology_regressions" name="test_named_sources_cannot_be_null_or_stringified_containers[short_circuit.meta-value6]" time="0.000" /><testcase classname="tests.test_a2_methodology_regressions" name="test_named_sources_cannot_be_null_or_stringified_containers[short_circuit.meta-value7]" time="0.000" /><testcase classname="tests.test_a2_methodology_regressions" name="test_named_sources_cannot_be_null_or_stringified_containers[short_circuit.meta-value8]" time="0.000" /><testcase classname="tests.test_a2_methodology_regressions" name="test_named_sources_cannot_be_null_or_stringified_containers[short_circuit.meta-value9]" time="0.000" /><testcase classname="tests.test_a2_methodology_regressions" name="test_named_sources_cannot_be_null_or_stringified_containers[short_circuit.meta-]" time="0.000" /><testcase classname="tests.test_a2_methodology_regressions" name="test_named_sources_cannot_be_null_or_stringified_containers[short_circuit.meta-  ]" time="0.000" /><testcase classname="tests.test_a2_methodology_regressions" name="test_named_sources_cannot_be_null_or_stringified_containers[ct.meta-None]" time="0.000" /><testcase classname="tests.test_a2_methodology_regressions" name="test_named_sources_cannot_be_null_or_stringified_containers[ct.meta-False]" time="0.000" /><testcase classname="tests.test_a2_methodology_regressions" name="test_named_sources_cannot_be_null_or_stringified_containers[ct.meta-True]" time="0.000" /><testcase classname="tests.test_a2_methodology_regressions" name="test_named_sources_cannot_be_null_or_stringified_containers[ct.meta-0]" time="0.000" /><testcase classname="tests.test_a2_methodology_regressions" name="test_named_sources_cannot_be_null_or_stringified_containers[ct.meta-12]" time="0.000" /><testcase classname="tests.test_a2_methodology_regressions" name="test_named_sources_cannot_be_null_or_stringified_containers[ct.meta-1.25]" time="0.000" /><testcase classname="tests.test_a2_methodology_regressions" name="test_named_sources_cannot_be_null_or_stringified_containers[ct.meta-value6]" time="0.000" /><testcase classname="tests.test_a2_methodology_regressions" name="test_named_sources_cannot_be_null_or_stringified_containers[ct.meta-value7]" time="0.000" /><testcase classname="tests.test_a2_methodology_regressions" name="test_named_sources_cannot_be_null_or_stringified_containers[ct.meta-value8]" time="0.000" /><testcase classname="tests.test_a2_methodology_regressions" name="test_named_sources_cannot_be_null_or_stringified_containers[ct.meta-value9]" time="0.000" /><testcase classname="tests.test_a2_methodology_regressions" name="test_named_sources_cannot_be_null_or_stringified_containers[ct.meta-]" time="0.000" /><testcase classname="tests.test_a2_methodology_regressions" name="test_named_sources_cannot_be_null_or_stringified_containers[ct.meta-  ]" time="0.000" /><testcase classname="tests.test_a2_methodology_regressions" name="test_null_approval_blocks_the_actual_calculation" time="0.029" /><testcase classname="tests.test_a2_methodology_regressions" name="test_valid_project_claim_still_calculates_and_roundtrips" time="0.038" /><testcase classname="tests.test_a2_methodology_regressions" name="test_implementation_enum_cannot_be_authorized_by_its_own_options[None]" time="0.000" /><testcase classname="tests.test_a2_methodology_regressions" name="test_implementation_enum_cannot_be_authorized_by_its_own_options[False]" time="0.000" /><testcase classname="tests.test_a2_methodology_regressions" name="test_implementation_enum_cannot_be_authorized_by_its_own_options[True]" time="0.000" /><testcase classname="tests.test_a2_methodology_regressions" name="test_implementation_enum_cannot_be_authorized_by_its_own_options[0]" time="0.000" /><testcase classname="tests.test_a2_methodology_regressions" name="test_implementation_enum_cannot_be_authorized_by_its_own_options[12]" time="0.000" /><testcase classname="tests.test_a2_methodology_regressions" name="test_implementation_enum_cannot_be_authorized_by_its_own_options[1.25]" time="0.000" /><testcase classname="tests.test_a2_methodology_regressions" name="test_implementation_enum_cannot_be_authorized_by_its_own_options[value6]" time="0.000" /><testcase classname="tests.test_a2_methodology_regressions" name="test_implementation_enum_cannot_be_authorized_by_its_own_options[value7]" time="0.000" /><testcase classname="tests.test_a2_methodology_regressions" name="test_implementation_enum_cannot_be_authorized_by_its_own_options[value8]" time="0.000" /><testcase classname="tests.test_a2_methodology_regressions" name="test_implementation_enum_cannot_be_authorized_by_its_own_options[value9]" time="0.000" /><testcase classname="tests.test_a2_methodology_regressions" name="test_implementation_enum_cannot_be_authorized_by_its_own_options[garbage]" time="0.000" /><testcase classname="tests.test_a2_methodology_regressions" name="test_implementation_enum_cannot_be_authorized_by_its_own_options[NAMEPLATE]" time="0.000" /><testcase classname="tests.test_a2_methodology_regressions" name="test_implementation_enum_cannot_be_authorized_by_its_own_options[ nameplate ]" time="0.000" /><testcase classname="tests.test_a2_methodology_regressions" name="test_unknown_variant_is_rejected_even_without_meaningful_options[None]" time="0.000" /><testcase classname="tests.test_a2_methodology_regressions" name="test_unknown_variant_is_rejected_even_without_meaningful_options[options1]" time="0.000" /><testcase classname="tests.test_a2_methodology_regressions" name="test_unknown_variant_is_rejected_even_without_meaningful_options[options2]" time="0.000" /><testcase classname="tests.test_a2_methodology_regressions" name="test_options_cannot_offer_an_unimplemented_variant_even_if_not_selected" time="0.000" /><testcase classname="tests.test_a2_methodology_regressions" name="test_implemented_choices_work_without_options_and_with_a_valid_subset[nameplate]" time="0.000" /><testcase classname="tests.test_a2_methodology_regressions" name="test_implemented_choices_work_without_options_and_with_a_valid_subset[stage_average]" time="0.000" /><testcase classname="tests.test_a2_methodology_regressions" name="test_snapshot_keeps_full_future_metadata_and_exact_fingerprint" time="0.003" /><testcase classname="tests.test_a2_methodology_regressions" name="test_snapshot_is_deeply_immutable_and_rehydration_is_independent" time="0.002" /><testcase classname="tests.test_a2_methodology_regressions" name="test_restore_does_not_read_any_installed_or_external_profile" time="0.002" /><testcase classname="tests.test_a2_methodology_regressions" name="test_missing_snapshot_fields_are_not_filled_from_defaults[schema_version]" time="0.001" /><testcase classname="tests.test_a2_methodology_regressions" name="test_missing_snapshot_fields_are_not_filled_from_defaults[profile_json]" time="0.001" /><testcase classname="tests.test_a2_methodology_regressions" name="test_missing_snapshot_fields_are_not_filled_from_defaults[profile_sha256]" time="0.001" /><testcase classname="tests.test_a2_methodology_regressions" name="test_missing_snapshot_fields_are_not_filled_from_defaults[profile_name]" time="0.001" /><testcase classname="tests.test_a2_methodology_regressions" name="test_missing_snapshot_fields_are_not_filled_from_defaults[profile_id]" time="0.001" /><testcase classname="tests.test_a2_methodology_regressions" name="test_missing_snapshot_fields_are_not_filled_from_defaults[status]" time="0.001" /><testcase classname="tests.test_a2_methodology_regressions" name="test_missing_snapshot_fields_are_not_filled_from_defaults[entries]" time="0.001" /><testcase classname="tests.test_a2_methodology_regressions" name="test_missing_snapshot_fields_are_not_filled_from_defaults[u_avg]" time="0.001" /><testcase classname="tests.test_a2_methodology_regressions" name="test_missing_snapshot_fields_are_not_filled_from_defaults[ct_scale]" time="0.001" /><testcase classname="tests.test_a2_methodology_regressions" name="test_missing_snapshot_fields_are_not_filled_from_defaults[ct_round_mode]" time="0.001" /><testcase classname="tests.test_a2_methodology_regressions" name="test_missing_snapshot_fields_are_not_filled_from_defaults[approval]" time="0.002" /><testcase classname="tests.test_a2_methodology_regressions" name="test_missing_snapshot_fields_are_not_filled_from_defaults[references]" time="0.002" /><testcase classname="tests.test_a2_methodology_regressions" name="test_snapshot_version_is_explicit_and_strictly_typed[None]" time="0.001" /><testcase classname="tests.test_a2_methodology_regressions" name="test_snapshot_version_is_explicit_and_strictly_typed[False]" time="0.001" /><testcase classname="tests.test_a2_methodology_regressions" name="test_snapshot_version_is_explicit_and_strictly_typed[True]" time="0.001" /><testcase classname="tests.test_a2_methodology_regressions" name="test_snapshot_version_is_explicit_and_strictly_typed[1]" time="0.001" /><testcase classname="tests.test_a2_methodology_regressions" name="test_snapshot_version_is_explicit_and_strictly_typed[1.0]" time="0.001" /><testcase classname="tests.test_a2_methodology_regressions" name="test_snapshot_version_is_explicit_and_strictly_typed[0]" time="0.001" /><testcase classname="tests.test_a2_methodology_regressions" name="test_snapshot_version_is_explicit_and_strictly_typed[2]" time="0.001" /><testcase classname="tests.test_a2_methodology_regressions" name="test_snapshot_version_is_explicit_and_strictly_typed[version7]" time="0.001" /><testcase classname="tests.test_a2_methodology_regressions" name="test_snapshot_version_is_explicit_and_strictly_typed[version8]" time="0.001" /><testcase classname="tests.test_a2_methodology_regressions" name="test_malformed_embedded_profile_is_rejected[None]" time="0.001" /><testcase classname="tests.test_a2_methodology_regressions" name="test_malformed_embedded_profile_is_rejected[raw1]" time="0.001" /><testcase classname="tests.test_a2_methodology_regressions" name="test_malformed_embedded_profile_is_rejected[raw2]" time="0.001" /><testcase classname="tests.test_a2_methodology_regressions" name="test_malformed_embedded_profile_is_rejected[{}]" time="0.001" /><testcase classname="tests.test_a2_methodology_regressions" name="test_malformed_embedded_profile_is_rejected[[]]" time="0.001" /><testcase classname="tests.test_a2_methodology_regressions" name="test_malformed_embedded_profile_is_rejected[null]" time="0.001" /><testcase classname="tests.test_a2_methodology_regressions" name="test_malformed_embedded_profile_is_rejected[{]" time="0.001" /><testcase classname="tests.test_a2_methodology_regressions" name="test_malformed_embedded_profile_is_rejected[{&quot;x&quot;:NaN}]" time="0.001" /><testcase classname="tests.test_a2_methodology_regressions" name="test_malformed_embedded_profile_is_rejected[{&quot;x&quot;:Infinity}]" time="0.001" /><testcase classname="tests.test_a2_methodology_regressions" name="test_malformed_embedded_profile_is_rejected[{&quot;x&quot;:1,&quot;x&quot;:2}]" time="0.001" /><testcase classname="tests.test_a2_methodology_regressions" name="test_mirrored_fields_cannot_disagree_with_canonical_profile[profile_name-changed]" time="0.002" /><testcase classname="tests.test_a2_methodology_regressions" name="test_mirrored_fields_cannot_disagree_with_canonical_profile[profile_id-changed]" time="0.001" /><testcase classname="tests.test_a2_methodology_regressions" name="test_mirrored_fields_cannot_disagree_with_canonical_profile[status-\u041f\u0420\u041e\u0415\u041a\u0422\u041d\u042b\u0419]" time="0.001" /><testcase classname="tests.test_a2_methodology_regressions" name="test_mirrored_fields_cannot_disagree_with_canonical_profile[entries-replacement3]" time="0.001" /><testcase classname="tests.test_a2_methodology_regressions" name="test_mirrored_fields_cannot_disagree_with_canonical_profile[u_avg-replacement4]" time="0.001" /><testcase classname="tests.test_a2_methodology_regressions" name="test_mirrored_fields_cannot_disagree_with_canonical_profile[ct_scale-replacement5]" time="0.002" /><testcase classname="tests.test_a2_methodology_regressions" name="test_mirrored_fields_cannot_disagree_with_canonical_profile[ct_round_mode-nearest]" time="0.001" /><testcase classname="tests.test_a2_methodology_regressions" name="test_mirrored_fields_cannot_disagree_with_canonical_profile[approval-replacement7]" time="0.001" /><testcase classname="tests.test_a2_methodology_regressions" name="test_mirrored_fields_cannot_disagree_with_canonical_profile[references-replacement8]" time="0.001" /><testcase classname="tests.test_a2_methodology_regressions" name="test_mirrored_fields_cannot_disagree_with_canonical_profile[profile_sha256-0000000000000000000000000000000000000000000000000000000000000000]" time="0.001" /><testcase classname="tests.test_a2_methodology_regressions" name="test_coefficient_tampering_and_extra_payload_fields_are_rejected" time="0.002" /><testcase classname="tests.test_a2_methodology_regressions" name="test_tampering_with_unknown_profile_metadata_is_detected" time="0.001" /><testcase classname="tests.test_a2_methodology_regressions" name="test_to_methodology_rechecks_a_manually_inconsistent_snapshot" time="0.001" /><testcase classname="tests.test_a2_methodology_regressions" name="test_non_json_or_nonfinite_future_metadata_cannot_enter_snapshot[nan]" time="0.000" /><testcase classname="tests.test_a2_methodology_regressions" name="test_non_json_or_nonfinite_future_metadata_cannot_enter_snapshot[inf]" time="0.000" /><testcase classname="tests.test_a2_methodology_regressions" name="test_non_json_or_nonfinite_future_metadata_cannot_enter_snapshot[-inf]" time="0.000" /><testcase classname="tests.test_a2_methodology_regressions" name="test_non_json_or_nonfinite_future_metadata_cannot_enter_snapshot[value3]" time="0.000" /><testcase classname="tests.test_a2_methodology_regressions" name="test_non_json_or_nonfinite_future_metadata_cannot_enter_snapshot[value4]" time="0.000" /><testcase classname="tests.test_a2_methodology_regressions" name="test_non_json_or_nonfinite_future_metadata_cannot_enter_snapshot[value5]" time="0.000" /><testcase classname="tests.test_a2_methodology_regressions" name="test_non_json_or_nonfinite_future_metadata_cannot_enter_snapshot[value6]" time="0.000" /><testcase classname="tests.test_automatic_junctions_catalogs" name="test_catalog_binding_is_copied_to_both_physical_parts_without_orphan[split]" time="0.006" /><testcase classname="tests.test_automatic_junctions_catalogs" name="test_catalog_binding_is_copied_to_both_physical_parts_without_orphan[tap]" time="0.008" /><testcase classname="tests.test_automatic_junctions_catalogs" name="test_catalog_binding_is_copied_to_both_physical_parts_without_orphan[recloser]" time="0.007" /><testcase classname="tests.test_automatic_junctions_catalogs" name="test_remove_tap_or_recloser_moves_binding_to_merged_section[tap]" time="0.010" /><testcase classname="tests.test_automatic_junctions_catalogs" name="test_remove_tap_or_recloser_moves_binding_to_merged_section[recloser]" time="0.009" /><testcase classname="tests.test_automatic_junctions_catalogs" name="test_unsafe_catalog_merge_is_rejected_atomically_in_russian[missing-tap]" time="0.009" /><testcase classname="tests.test_automatic_junctions_catalogs" name="test_unsafe_catalog_merge_is_rejected_atomically_in_russian[missing-recloser]" time="0.008" /><testcase classname="tests.test_automatic_junctions_catalogs" name="test_unsafe_catalog_merge_is_rejected_atomically_in_russian[mismatch-tap]" time="0.012" /><testcase classname="tests.test_automatic_junctions_catalogs" name="test_unsafe_catalog_merge_is_rejected_atomically_in_russian[mismatch-recloser]" time="0.011" /><testcase classname="tests.test_automatic_junctions_domain" name="test_connect_ports_marks_only_the_automatically_created_node" time="0.000" /><testcase classname="tests.test_automatic_junctions_domain" name="test_generic_breaker_insertion_keeps_distinct_nodes_and_switches_topology" time="0.003" /><testcase classname="tests.test_automatic_junctions_domain" name="test_generic_removal_restores_one_line_and_preserves_physical_length" time="0.002" /><testcase classname="tests.test_automatic_junctions_domain" name="test_recloser_compatibility_wrappers_keep_old_result_contracts" time="0.001" /><testcase classname="tests.test_automatic_junctions_domain" name="test_custom_registered_two_port_roles_are_used_without_graphics" time="0.001" /><testcase classname="tests.test_automatic_junctions_domain" name="test_manual_placement_requires_explicit_confirmation" time="0.003" /><testcase classname="tests.test_automatic_junctions_domain" name="test_invalid_inline_type_is_rejected_atomically[non_inline]" time="0.002" /><testcase classname="tests.test_automatic_junctions_domain" name="test_invalid_inline_type_is_rejected_atomically[one_port]" time="0.001" /><testcase classname="tests.test_automatic_junctions_domain" name="test_known_length_split_without_offset_never_fabricates_lengths" time="0.001" /><testcase classname="tests.test_automatic_junctions_editor_commands" name="test_breaker_insertion_has_two_persistent_nodes_and_one_undo_redo" time="0.013" /><testcase classname="tests.test_automatic_junctions_editor_commands" name="test_transformer_drop_creates_tap_not_series_insertion" time="0.008" /><testcase classname="tests.test_automatic_junctions_editor_commands" name="test_generic_series_removal_restores_continuous_line_atomically" time="0.011" /><testcase classname="tests.test_automatic_junctions_editor_commands" name="test_graphical_move_does_not_change_electrical_fingerprint" time="0.007" /><testcase classname="tests.test_automatic_junctions_gui" name="test_physical_line_target_is_zoom_invariant_and_preview_marks_split" time="0.023" /><testcase classname="tests.test_automatic_junctions_gui" name="test_escape_clears_preview_without_model_diagram_or_history_mutation" time="0.018" /><testcase classname="tests.test_automatic_junctions_gui" name="test_finishing_physical_line_on_line_creates_one_atomic_tap" time="0.016" /><testcase classname="tests.test_automatic_junctions_gui" name="test_split_offset_default_is_physical_and_not_cursor_fraction" time="0.007" /><testcase classname="tests.test_automatic_junctions_gui" name="test_registry_preview_for_breaker_is_transient_and_highlights_line" time="0.007" /><testcase classname="tests.test_automatic_junctions_gui" name="test_drop_breaker_on_physical_line_uses_generic_inline_command" time="0.015" /><testcase classname="tests.test_automatic_junctions_gui" name="test_drop_transformer_on_line_creates_branch_attachment" time="0.015" /><testcase classname="tests.test_automatic_junctions_gui" name="test_remove_inserted_breaker_confirms_and_restores_line" time="0.015" /><testcase classname="tests.test_automatic_junctions_gui" name="test_physical_line_ending_on_node_connection_reuses_existing_node" time="0.012" /><testcase classname="tests.test_automatic_junctions_integration" name="test_native_10kv_feeder_with_three_taps_recloser_and_backup_roundtrip" time="0.470" /><testcase classname="tests.test_automatic_junctions_requirements" name="test_requirement_08_tap_is_a_node_and_line_sections_not_equipment" time="0.001" /><testcase classname="tests.test_automatic_junctions_requirements" name="test_requirements_11_and_31_moving_crossing_route_creates_no_node_or_fingerprint_change" time="0.010" /><testcase classname="tests.test_automatic_junctions_requirements" name="test_requirement_20_transformer_drop_on_line_creates_branch_not_inline_insertion" time="0.014" /><testcase classname="tests.test_automatic_junctions_requirements" name="test_requirement_27_different_line_kind_or_voltage_cannot_be_merged[line_kind]" time="0.002" /><testcase classname="tests.test_automatic_junctions_requirements" name="test_requirement_27_different_line_kind_or_voltage_cannot_be_merged[voltage_class]" time="0.002" /><testcase classname="tests.test_automatic_junctions_requirements" name="test_requirement_30_electrical_tap_operation_changes_fingerprint" time="0.002" /><testcase classname="tests.test_automatic_junctions_requirements" name="test_requirement_32_native_model_adapts_without_compat_equipment" time="0.002" /><testcase classname="tests.test_bus_band_geometry" name="test_bus_band_matches_former_selection_height_and_keeps_length[240.0-12.0]" time="0.000" /><testcase classname="tests.test_bus_band_geometry" name="test_bus_band_matches_former_selection_height_and_keeps_length[12.0-240.0]" time="0.000" /><testcase classname="tests.test_bus_band_geometry" name="test_bus_band_matches_former_selection_height_and_keeps_length[150.0-22.0]" time="0.000" /><testcase classname="tests.test_bus_band_geometry" name="test_bus_band_matches_former_selection_height_and_keeps_length[22.0-150.0]" time="0.000" /><testcase classname="tests.test_bus_band_geometry" name="test_thicker_bus_does_not_move_any_fractional_attachment[0.0-0]" time="0.000" /><testcase classname="tests.test_bus_band_geometry" name="test_thicker_bus_does_not_move_any_fractional_attachment[0.0-90]" time="0.000" /><testcase classname="tests.test_bus_band_geometry" name="test_thicker_bus_does_not_move_any_fractional_attachment[0.0-180]" time="0.000" /><testcase classname="tests.test_bus_band_geometry" name="test_thicker_bus_does_not_move_any_fractional_attachment[0.0-270]" time="0.000" /><testcase classname="tests.test_bus_band_geometry" name="test_thicker_bus_does_not_move_any_fractional_attachment[0.25-0]" time="0.000" /><testcase classname="tests.test_bus_band_geometry" name="test_thicker_bus_does_not_move_any_fractional_attachment[0.25-90]" time="0.000" /><testcase classname="tests.test_bus_band_geometry" name="test_thicker_bus_does_not_move_any_fractional_attachment[0.25-180]" time="0.000" /><testcase classname="tests.test_bus_band_geometry" name="test_thicker_bus_does_not_move_any_fractional_attachment[0.25-270]" time="0.000" /><testcase classname="tests.test_bus_band_geometry" name="test_thicker_bus_does_not_move_any_fractional_attachment[0.5-0]" time="0.000" /><testcase classname="tests.test_bus_band_geometry" name="test_thicker_bus_does_not_move_any_fractional_attachment[0.5-90]" time="0.000" /><testcase classname="tests.test_bus_band_geometry" name="test_thicker_bus_does_not_move_any_fractional_attachment[0.5-180]" time="0.000" /><testcase classname="tests.test_bus_band_geometry" name="test_thicker_bus_does_not_move_any_fractional_attachment[0.5-270]" time="0.000" /><testcase classname="tests.test_bus_band_geometry" name="test_thicker_bus_does_not_move_any_fractional_attachment[0.75-0]" time="0.000" /><testcase classname="tests.test_bus_band_geometry" name="test_thicker_bus_does_not_move_any_fractional_attachment[0.75-90]" time="0.000" /><testcase classname="tests.test_bus_band_geometry" name="test_thicker_bus_does_not_move_any_fractional_attachment[0.75-180]" time="0.000" /><testcase classname="tests.test_bus_band_geometry" name="test_thicker_bus_does_not_move_any_fractional_attachment[0.75-270]" time="0.000" /><testcase classname="tests.test_bus_band_geometry" name="test_thicker_bus_does_not_move_any_fractional_attachment[1.0-0]" time="0.000" /><testcase classname="tests.test_bus_band_geometry" name="test_thicker_bus_does_not_move_any_fractional_attachment[1.0-90]" time="0.000" /><testcase classname="tests.test_bus_band_geometry" name="test_thicker_bus_does_not_move_any_fractional_attachment[1.0-180]" time="0.000" /><testcase classname="tests.test_bus_band_geometry" name="test_thicker_bus_does_not_move_any_fractional_attachment[1.0-270]" time="0.000" /><testcase classname="tests.test_bus_band_geometry" name="test_bus_svg_band_uses_the_same_voltage_fill_as_its_axis[color]" time="0.000" /><testcase classname="tests.test_bus_band_geometry" name="test_bus_svg_band_uses_the_same_voltage_fill_as_its_axis[monochrome]" time="0.000" /><testcase classname="tests.test_bus_band_geometry" name="test_thin_wire_crossing_filled_bus_has_full_band_gap_without_joint[False-False]" time="0.000" /><testcase classname="tests.test_bus_band_geometry" name="test_thin_wire_crossing_filled_bus_has_full_band_gap_without_joint[False-True]" time="0.000" /><testcase classname="tests.test_bus_band_geometry" name="test_thin_wire_crossing_filled_bus_has_full_band_gap_without_joint[True-False]" time="0.000" /><testcase classname="tests.test_bus_band_geometry" name="test_thin_wire_crossing_filled_bus_has_full_band_gap_without_joint[True-True]" time="0.000" /><testcase classname="tests.test_bus_band_geometry" name="test_real_endpoint_t_on_filled_bus_still_connects_without_display_gap" time="0.000" /><testcase classname="tests.test_bus_connection_spacing" name="test_new_independent_taps_have_distinct_exact_bus_endpoints[False-0]" time="0.007" /><testcase classname="tests.test_bus_connection_spacing" name="test_new_independent_taps_have_distinct_exact_bus_endpoints[False-90]" time="0.007" /><testcase classname="tests.test_bus_connection_spacing" name="test_new_independent_taps_have_distinct_exact_bus_endpoints[False-180]" time="0.007" /><testcase classname="tests.test_bus_connection_spacing" name="test_new_independent_taps_have_distinct_exact_bus_endpoints[False-270]" time="0.007" /><testcase classname="tests.test_bus_connection_spacing" name="test_new_independent_taps_have_distinct_exact_bus_endpoints[True-0]" time="0.007" /><testcase classname="tests.test_bus_connection_spacing" name="test_new_independent_taps_have_distinct_exact_bus_endpoints[True-90]" time="0.007" /><testcase classname="tests.test_bus_connection_spacing" name="test_new_independent_taps_have_distinct_exact_bus_endpoints[True-180]" time="0.007" /><testcase classname="tests.test_bus_connection_spacing" name="test_new_independent_taps_have_distinct_exact_bus_endpoints[True-270]" time="0.007" /><testcase classname="tests.test_bus_connection_spacing" name="test_free_bus_ends_are_preserved_for_side_connections[0.0]" time="0.004" /><testcase classname="tests.test_bus_connection_spacing" name="test_free_bus_ends_are_preserved_for_side_connections[1.0]" time="0.004" /><testcase classname="tests.test_bus_connection_spacing" name="test_moving_coincident_endpoint_moves_only_selected_route_and_preview_matches_commit" time="0.008" /><testcase classname="tests.test_bus_connection_spacing" name="test_reconnect_allocates_one_free_bus_position_and_preserves_other_route" time="0.009" /><testcase classname="tests.test_bus_connection_spacing" name="test_full_bus_rejects_new_connection_atomically_without_losing_port" time="0.009" /><testcase classname="tests.test_bus_connection_spacing" name="test_explicit_separation_preserves_unique_manual_positions_and_undo_json_ids" time="0.018" /><testcase classname="tests.test_bus_connection_spacing" name="test_distinct_old_manual_taps_are_not_moved_even_if_closer_than_new_spacing" time="0.007" /><testcase classname="tests.test_calculation_baseline" name="test_baseline_file_exists_and_is_readable" time="0.002" /><testcase classname="tests.test_calculation_baseline" name="test_baseline_tolerance_is_declared_and_justified" time="0.002" /><testcase classname="tests.test_calculation_baseline" name="test_calculation_numbers_match_the_frozen_baseline" time="1.115" /><testcase classname="tests.test_calculation_baseline" name="test_baseline_covers_every_protection_and_fault_point" time="0.002" /><testcase classname="tests.test_calculation_baseline" name="test_baseline_distinguishes_absent_value_from_zero" time="0.002" /><testcase classname="tests.test_calculation_baseline" name="test_report_shows_the_cause_without_a_debugger" time="0.000" /><testcase classname="tests.test_calculation_baseline" name="test_comparison_does_not_depend_on_key_order" time="0.000" /><testcase classname="tests.test_calculation_baseline" name="test_comparison_catches_a_change_smaller_than_display_precision" time="0.000" /><testcase classname="tests.test_cli_exit_codes" name="test_codes_are_distinct" time="0.000" /><testcase classname="tests.test_cli_exit_codes" name="test_input_error_is_two_and_not_one" time="0.000" /><testcase classname="tests.test_cli_exit_codes" name="test_check_ignores_protection_failures" time="0.831" /><testcase classname="tests.test_cli_exit_codes" name="test_modes_is_also_an_input_command" time="0.417" /><testcase classname="tests.test_cli_exit_codes" name="test_failure_wins_over_unresolved" time="0.000" /><testcase classname="tests.test_cli_exit_codes" name="test_unresolved_has_its_own_code" time="0.000" /><testcase classname="tests.test_cli_exit_codes" name="test_clean_result_is_zero" time="0.000" /><testcase classname="tests.test_cli_exit_codes" name="test_unknown_command_is_an_input_error_not_a_silent_success" time="0.036" /><testcase classname="tests.test_cli_exit_codes" name="test_documented_codes_match_the_implementation" time="0.000" /><testcase classname="tests.test_connection_reflow" name="test_apparatus_move_reflows_both_legs_without_backtracking_or_domain_changes[0--180]" time="0.294" /><testcase classname="tests.test_connection_reflow" name="test_apparatus_move_reflows_both_legs_without_backtracking_or_domain_changes[160--240]" time="0.274" /><testcase classname="tests.test_connection_reflow" name="test_apparatus_move_reflows_both_legs_without_backtracking_or_domain_changes[-200--240]" time="0.275" /><testcase classname="tests.test_connection_reflow" name="test_apparatus_move_reflows_both_legs_without_backtracking_or_domain_changes[0-180]" time="0.275" /><testcase classname="tests.test_connection_reflow" name="test_explicit_geometry_and_non_series_nodes_are_not_automatically_relocated[node_moved]" time="0.262" /><testcase classname="tests.test_connection_reflow" name="test_explicit_geometry_and_non_series_nodes_are_not_automatically_relocated[pinned_bend]" time="0.263" /><testcase classname="tests.test_connection_reflow" name="test_explicit_geometry_and_non_series_nodes_are_not_automatically_relocated[node_locked]" time="0.282" /><testcase classname="tests.test_connection_reflow" name="test_explicit_geometry_and_non_series_nodes_are_not_automatically_relocated[bus]" time="0.268" /><testcase classname="tests.test_connection_reflow" name="test_explicit_geometry_and_non_series_nodes_are_not_automatically_relocated[extra_route]" time="0.264" /><testcase classname="tests.test_connection_reflow" name="test_explicit_geometry_and_non_series_nodes_are_not_automatically_relocated[unrelated_move]" time="0.262" /><testcase classname="tests.test_connection_reflow" name="test_repeated_preview_is_geometrically_identical_and_keeps_node_identity" time="0.266" /><testcase classname="tests.test_connection_reflow" name="test_a_third_electrical_connection_not_drawn_on_this_page_prevents_reflow" time="0.263" /><testcase classname="tests.test_connection_reflow" name="test_reflow_uses_obstacle_callback_for_the_whole_connection" time="0.281" /><testcase classname="tests.test_connection_reflow" name="test_reflow_save_reload_preserves_all_domain_and_graphical_ids" time="0.737" /><testcase classname="tests.test_control_examples" name="test_1_transformer_with_lv_side_ct_does_not_invent_a_reach" time="0.003" /><testcase classname="tests.test_control_examples" name="test_2_double_fed_line_uses_the_share_through_its_own_ct" time="0.003" /><testcase classname="tests.test_control_examples" name="test_3_tap_ktp_setting_does_not_depend_on_node_order" time="0.005" /><testcase classname="tests.test_control_examples" name="test_3b_fault_behind_ktp_is_identical_in_both_orientations" time="0.001" /><testcase classname="tests.test_control_examples" name="test_4_nameplate_115_11_and_110_10_give_the_same_result" time="0.001" /><testcase classname="tests.test_control_examples" name="test_4b_nameplate_that_does_not_belong_to_the_stage_is_rejected" time="0.000" /><testcase classname="tests.test_control_examples" name="test_5_de_energised_island_reports_a_status_not_a_zero" time="0.002" /><testcase classname="tests.test_control_examples" name="test_6_backup_zone_must_not_cross_a_transformer" time="0.003" /><testcase classname="tests.test_control_examples" name="test_6b_backup_zone_stops_with_an_explanation_not_a_silence" time="0.003" /><testcase classname="tests.test_control_examples" name="test_7_governing_mode_is_the_first_declared_among_equal_modes" time="0.003" /><testcase classname="tests.test_control_examples" name="test_7b_selection_survives_a_one_ulp_perturbation" time="0.000" /><testcase classname="tests.test_control_examples" name="test_7c_every_protection_reports_a_declared_mode" time="0.417" /><testcase classname="tests.test_core" name="test_source_impedance" time="0.000" /><testcase classname="tests.test_core" name="test_source_from_current_matches_power" time="0.000" /><testcase classname="tests.test_core" name="test_transformer_impedance" time="0.000" /><testcase classname="tests.test_core" name="test_transformer_inconsistent_data_raises" time="0.000" /><testcase classname="tests.test_core" name="test_line_impedance_and_temperature" time="0.000" /><testcase classname="tests.test_core" name="test_parallel_lines_halve_impedance" time="0.000" /><testcase classname="tests.test_core" name="test_sc_on_hv_bus" time="0.001" /><testcase classname="tests.test_core" name="test_sc_single_transformer" time="0.001" /><testcase classname="tests.test_core" name="test_sc_parallel_transformers_via_tie" time="0.001" /><testcase classname="tests.test_core" name="test_sc_along_line" time="0.001" /><testcase classname="tests.test_core" name="test_min_regime_lower_than_max" time="0.001" /><testcase classname="tests.test_core" name="test_two_phase_is_explicit_approximation" time="0.001" /><testcase classname="tests.test_core" name="test_deenergized_node_raises" time="0.000" /><testcase classname="tests.test_core" name="test_orientation_reverses_when_fed_backwards" time="0.000" /><testcase classname="tests.test_core" name="test_no_zone_when_ring" time="0.000" /><testcase classname="tests.test_core" name="test_downstream_loads_sum" time="0.000" /><testcase classname="tests.test_core" name="test_example_project_runs" time="0.036" /><testcase classname="tests.test_core" name="test_example_mtz_setting_matches_hand_calc" time="0.036" /><testcase classname="tests.test_core" name="test_example_selectivity_chain" time="0.036" /><testcase classname="tests.test_core" name="test_selectivity_violation_is_detected" time="0.036" /><testcase classname="tests.test_core" name="test_settings_are_checked_in_all_modes" time="0.035" /><testcase classname="tests.test_core" name="test_no_ct_means_no_settings" time="0.035" /><testcase classname="tests.test_core" name="test_roundtrip_save_load" time="0.077" /><testcase classname="tests.test_core" name="test_unknown_field_rejected" time="0.010" /><testcase classname="tests.test_core" name="test_every_number_has_a_protocol" time="0.036" /><testcase classname="tests.test_core" name="test_placeholder_methodology_is_flagged" time="0.035" /><testcase classname="tests.test_core" name="test_shipped_profile_is_no_longer_a_placeholder" time="0.036" /><testcase classname="tests.test_core" name="test_methodology_missing_key_raises" time="0.000" /><testcase classname="tests.test_core" name="test_generator_impedance" time="0.000" /><testcase classname="tests.test_core" name="test_three_winding_star_is_exact" time="0.000" /><testcase classname="tests.test_core" name="test_gtes_example_runs" time="0.529" /><testcase classname="tests.test_core" name="test_sc_scales_with_generating_fleet" time="0.508" /><testcase classname="tests.test_core" name="test_gtes_hand_check_220kv" time="0.503" /><testcase classname="tests.test_core" name="test_all_generators_off_is_an_error" time="0.511" /><testcase classname="tests.test_core" name="test_backup_zone_stops_at_transformer" time="0.071" /><testcase classname="tests.test_core" name="test_switch_with_follows_parent" time="0.404" /><testcase classname="tests.test_demo_diagram" name="test_demo_project_has_a_placed_scheme" time="0.271" /><testcase classname="tests.test_demo_diagram" name="test_every_object_of_the_model_is_placed_exactly_once" time="0.266" /><testcase classname="tests.test_demo_diagram" name="test_every_electrical_connection_is_drawn_by_one_route" time="0.263" /><testcase classname="tests.test_demo_diagram" name="test_routes_are_orthogonal_without_zero_length_segments" time="0.264" /><testcase classname="tests.test_demo_diagram" name="test_wire_starts_exactly_at_the_drawn_terminal" time="0.266" /><testcase classname="tests.test_demo_diagram" name="test_route_ends_on_its_node_symbol" time="0.283" /><testcase classname="tests.test_demo_diagram" name="test_every_equipment_type_resolves_to_a_real_symbol" time="0.262" /><testcase classname="tests.test_demo_diagram" name="test_node_connection_routes_keep_one_electrical_node" time="0.267" /><testcase classname="tests.test_demo_diagram" name="test_scheme_references_survive_validation" time="0.265" /><testcase classname="tests.test_demo_diagram" name="test_demo_network_has_the_declared_composition" time="0.335" /><testcase classname="tests.test_demo_diagram" name="test_demo_network_calculates_without_unresolved_settings" time="0.458" /><testcase classname="tests.test_diagram_endpoint_index" name="test_endpoint_index_keeps_valid_branch_diagnostics_empty" time="0.001" /><testcase classname="tests.test_diagram_endpoint_index" name="test_endpoint_index_preserves_diagnostic_order_for_wrong_endpoint" time="0.001" /><testcase classname="tests.test_diagram_endpoint_index" name="test_endpoint_index_uses_equipment_port_ids_for_corrupted_model" time="0.000" /><testcase classname="tests.test_domain" name="test_structure_builds_navigation_chain" time="0.000" /><testcase classname="tests.test_domain" name="test_one_equipment_can_connect_two_facilities" time="0.000" /><testcase classname="tests.test_domain" name="test_structure_is_separate_but_validates_calculation_refs" time="0.000" /><testcase classname="tests.test_domain" name="test_missing_calculation_object_is_reported" time="0.000" /><testcase classname="tests.test_domain" name="test_duplicate_ids_are_rejected_across_hierarchy" time="0.000" /><testcase classname="tests.test_domain" name="test_transformer_can_have_hv_mv_lv_placements" time="0.000" /><testcase classname="tests.test_domain" name="test_duplicate_equipment_terminal_is_reported" time="0.000" /><testcase classname="tests.test_editor_deletion_cleanup" name="test_last_connection_delete_removes_only_its_orphan_point[apparatus]" time="0.006" /><testcase classname="tests.test_editor_deletion_cleanup" name="test_last_connection_delete_removes_only_its_orphan_point[wire]" time="0.006" /><testcase classname="tests.test_editor_deletion_cleanup" name="test_degree_one_tail_disappears_but_neighbour_port_node_connection_survive[apparatus]" time="0.008" /><testcase classname="tests.test_editor_deletion_cleanup" name="test_degree_one_tail_disappears_but_neighbour_port_node_connection_survive[wire]" time="0.008" /><testcase classname="tests.test_editor_deletion_cleanup" name="test_degree_one_tail_disappears_but_neighbour_port_node_connection_survive[page]" time="0.008" /><testcase classname="tests.test_editor_deletion_cleanup" name="test_shared_point_with_two_surviving_neighbours_is_not_a_tail" time="0.010" /><testcase classname="tests.test_editor_deletion_cleanup" name="test_other_page_point_representation_prevents_automatic_cleanup[apparatus]" time="0.005" /><testcase classname="tests.test_editor_deletion_cleanup" name="test_other_page_point_representation_prevents_automatic_cleanup[wire]" time="0.005" /><testcase classname="tests.test_editor_deletion_cleanup" name="test_other_page_point_representation_prevents_automatic_cleanup[page]" time="0.005" /><testcase classname="tests.test_editor_deletion_cleanup" name="test_busbar_is_not_an_orphan_point[apparatus]" time="0.005" /><testcase classname="tests.test_editor_deletion_cleanup" name="test_busbar_is_not_an_orphan_point[wire]" time="0.005" /><testcase classname="tests.test_editor_deletion_cleanup" name="test_busbar_is_not_an_orphan_point[page]" time="0.004" /><testcase classname="tests.test_editor_deletion_cleanup" name="test_delete_physical_line_cleans_free_endpoints_not_unrelated_nodes" time="0.006" /><testcase classname="tests.test_editor_deletion_cleanup" name="test_surviving_physical_line_is_not_removed_as_degree_one_tail" time="0.008" /><testcase classname="tests.test_editor_deletion_cleanup" name="test_remove_from_page_keeps_all_electrical_content_even_for_last_point" time="0.004" /><testcase classname="tests.test_editor_deletion_cleanup" name="test_reconnect_cleans_old_free_point_but_keeps_new_target_and_port_ids" time="0.007" /><testcase classname="tests.test_editor_deletion_cleanup" name="test_cleanup_undo_redo_and_json_roundtrip_preserve_ids_and_unplaced_marker[1]" time="0.009" /><testcase classname="tests.test_editor_deletion_cleanup" name="test_cleanup_undo_redo_and_json_roundtrip_preserve_ids_and_unplaced_marker[2]" time="0.012" /><testcase classname="tests.test_editor_deletion_cleanup" name="test_analysis_mode_rejects_delete_before_any_cleanup[apparatus]" time="0.005" /><testcase classname="tests.test_editor_deletion_cleanup" name="test_analysis_mode_rejects_delete_before_any_cleanup[wire]" time="0.005" /><testcase classname="tests.test_editor_deletion_cleanup" name="test_analysis_mode_rejects_delete_before_any_cleanup[page]" time="0.005" /><testcase classname="tests.test_editor_move_planner" name="test_actual_pair_preview_commit_and_undo_share_geometry_and_preserve_electrical_data[0--180]" time="0.313" /><testcase classname="tests.test_editor_move_planner" name="test_actual_pair_preview_commit_and_undo_share_geometry_and_preserve_electrical_data[160--240]" time="0.307" /><testcase classname="tests.test_editor_move_planner" name="test_actual_pair_preview_commit_and_undo_share_geometry_and_preserve_electrical_data[-200--240]" time="0.331" /><testcase classname="tests.test_editor_move_planner" name="test_actual_pair_preview_commit_and_undo_share_geometry_and_preserve_electrical_data[0-180]" time="0.327" /><testcase classname="tests.test_editor_move_planner" name="test_zero_move_never_reflows_existing_geometry_or_creates_history" time="0.305" /><testcase classname="tests.test_editor_move_planner" name="test_locked_hidden_node_stays_fixed_in_the_shared_planner" time="0.265" /><testcase classname="tests.test_editor_move_planner" name="test_committed_pair_reopens_with_same_hidden_node_and_route_identities" time="0.803" /><testcase classname="tests.test_editor_move_planner" name="test_move_avoids_nonincident_apparatus_body_in_both_preview_and_commit" time="0.006" /><testcase classname="tests.test_editor_move_planner" name="test_impossible_route_rejects_preview_and_commit_atomically" time="0.006" /><testcase classname="tests.test_editor_voltage_guard" name="test_explicit_connections_reject_mismatch_and_unknown_before_any_mutation[port-first_voltage0-second_voltage0]" time="0.004" /><testcase classname="tests.test_editor_voltage_guard" name="test_explicit_connections_reject_mismatch_and_unknown_before_any_mutation[port-None-second_voltage1]" time="0.004" /><testcase classname="tests.test_editor_voltage_guard" name="test_explicit_connections_reject_mismatch_and_unknown_before_any_mutation[port-first_voltage2-None]" time="0.004" /><testcase classname="tests.test_editor_voltage_guard" name="test_explicit_connections_reject_mismatch_and_unknown_before_any_mutation[port-None-None]" time="0.004" /><testcase classname="tests.test_editor_voltage_guard" name="test_explicit_connections_reject_mismatch_and_unknown_before_any_mutation[node-first_voltage0-second_voltage0]" time="0.004" /><testcase classname="tests.test_editor_voltage_guard" name="test_explicit_connections_reject_mismatch_and_unknown_before_any_mutation[node-None-second_voltage1]" time="0.004" /><testcase classname="tests.test_editor_voltage_guard" name="test_explicit_connections_reject_mismatch_and_unknown_before_any_mutation[node-first_voltage2-None]" time="0.004" /><testcase classname="tests.test_editor_voltage_guard" name="test_explicit_connections_reject_mismatch_and_unknown_before_any_mutation[node-None-None]" time="0.004" /><testcase classname="tests.test_editor_voltage_guard" name="test_unknown_standalone_drafts_remain_creatable_without_connecting_them" time="0.003" /><testcase classname="tests.test_editor_voltage_guard" name="test_permissive_domain_import_still_preserves_legacy_unknown_port_inference" time="0.003" /><testcase classname="tests.test_editor_voltage_guard" name="test_new_free_endpoint_inherits_known_source_without_guessing_existing_unknown_voltage" time="0.007" /><testcase classname="tests.test_editor_voltage_guard" name="test_physical_line_rejects_invalid_voltage_without_allocating_nodes_or_branches[existing_unknown]" time="0.003" /><testcase classname="tests.test_editor_voltage_guard" name="test_physical_line_rejects_invalid_voltage_without_allocating_nodes_or_branches[mismatch]" time="0.003" /><testcase classname="tests.test_editor_voltage_guard" name="test_physical_line_rejects_invalid_voltage_without_allocating_nodes_or_branches[both_new_unknown]" time="0.003" /><testcase classname="tests.test_editor_voltage_guard" name="test_physical_line_free_end_inherits_known_source_in_both_orders[False]" time="0.003" /><testcase classname="tests.test_editor_voltage_guard" name="test_physical_line_free_end_inherits_known_source_in_both_orders[True]" time="0.003" /><testcase classname="tests.test_editor_voltage_guard" name="test_reconnect_rejects_changed_voltage_before_old_connection_is_removed[port]" time="0.006" /><testcase classname="tests.test_editor_voltage_guard" name="test_reconnect_rejects_changed_voltage_before_old_connection_is_removed[node]" time="0.006" /><testcase classname="tests.test_editor_voltage_guard" name="test_reconnect_rejects_changed_voltage_before_old_connection_is_removed[new_node]" time="0.005" /><testcase classname="tests.test_editor_voltage_guard" name="test_tap_creation_rejects_target_voltage_before_splitting_a_real_line[port]" time="0.006" /><testcase classname="tests.test_editor_voltage_guard" name="test_tap_creation_rejects_target_voltage_before_splitting_a_real_line[node]" time="0.006" /><testcase classname="tests.test_editor_voltage_guard" name="test_tap_creation_rejects_target_voltage_before_splitting_a_real_line[new_node]" time="0.005" /><testcase classname="tests.test_editor_voltage_guard" name="test_reconnect_to_physical_route_cannot_bypass_voltage_guard_by_creating_a_tap" time="0.010" /><testcase classname="tests.test_editor_voltage_guard" name="test_new_equipment_attachment_cannot_bypass_an_explicit_wrong_voltage" time="0.007" /><testcase classname="tests.test_editor_voltage_guard" name="test_existing_node_with_known_resolved_zone_is_not_misclassified_as_unknown" time="0.007" /><testcase classname="tests.test_editor_voltage_guard" name="test_actual_legacy_ports_resolve_like_colour_and_lv_cannot_reconnect_to_hv_bus" time="0.338" /><testcase classname="tests.test_editor_voltage_guard" name="test_resolved_voltage_cache_is_reused_within_revision_and_invalidated_after_reconnect" time="0.005" /><testcase classname="tests.test_editor_voltage_guard" name="test_conflicting_imported_voltage_zone_rejects_even_a_direct_known_node" time="0.004" /><testcase classname="tests.test_editor_voltage_guard" name="test_explicit_assignment_to_isolated_draft_keeps_ids_and_is_one_undo_step[equipment]" time="0.007" /><testcase classname="tests.test_editor_voltage_guard" name="test_explicit_assignment_to_isolated_draft_keeps_ids_and_is_one_undo_step[node]" time="0.007" /><testcase classname="tests.test_editor_voltage_guard" name="test_connected_group_cannot_be_relabelled_even_from_its_free_terminal" time="0.005" /><testcase classname="tests.test_editor_voltage_guard" name="test_transformer_windings_are_assigned_independently_without_inventing_other_voltage" time="0.006" /><testcase classname="tests.test_editor_voltage_guard" name="test_invalid_explicit_assignment_is_atomic[unknown_class]" time="0.003" /><testcase classname="tests.test_editor_voltage_guard" name="test_invalid_explicit_assignment_is_atomic[unknown_group]" time="0.003" /><testcase classname="tests.test_editor_voltage_guard" name="test_invalid_explicit_assignment_is_atomic[node_unknown
[...]
ver-#e8edf5-#56647a-confirm_switching_action-light-native]" time="0.003" /><testcase classname="tests.test_ui_toolbar_readability" name="test_native_toolbutton_states_have_explicit_readable_colors[checked_disabled_hover-#e8edf5-#56647a-confirm_switching_action-dark-native]" time="0.003" /><testcase classname="tests.test_ui_toolbar_readability" name="test_keyboard_focus_has_a_visible_border[False]" time="0.003" /><testcase classname="tests.test_ui_toolbar_readability" name="test_keyboard_focus_has_a_visible_border[True]" time="0.003" /><testcase classname="tests.test_ui_toolbar_readability" name="test_compact_orientation_buttons_keep_names_and_absolute_action_api" time="0.001" /><testcase classname="tests.test_ui_toolbar_readability" name="test_orientation_icons_are_distinct_vectors_at_normal_and_high_dpi[Mode.Normal-1.0-False]" time="0.001" /><testcase classname="tests.test_ui_toolbar_readability" name="test_orientation_icons_are_distinct_vectors_at_normal_and_high_dpi[Mode.Normal-1.0-True]" time="0.001" /><testcase classname="tests.test_ui_toolbar_readability" name="test_orientation_icons_are_distinct_vectors_at_normal_and_high_dpi[Mode.Normal-2.0-False]" time="0.002" /><testcase classname="tests.test_ui_toolbar_readability" name="test_orientation_icons_are_distinct_vectors_at_normal_and_high_dpi[Mode.Normal-2.0-True]" time="0.002" /><testcase classname="tests.test_ui_toolbar_readability" name="test_orientation_icons_are_distinct_vectors_at_normal_and_high_dpi[Mode.Disabled-1.0-False]" time="0.001" /><testcase classname="tests.test_ui_toolbar_readability" name="test_orientation_icons_are_distinct_vectors_at_normal_and_high_dpi[Mode.Disabled-1.0-True]" time="0.001" /><testcase classname="tests.test_ui_toolbar_readability" name="test_orientation_icons_are_distinct_vectors_at_normal_and_high_dpi[Mode.Disabled-2.0-False]" time="0.002" /><testcase classname="tests.test_ui_toolbar_readability" name="test_orientation_icons_are_distinct_vectors_at_normal_and_high_dpi[Mode.Disabled-2.0-True]" time="0.002" /><testcase classname="tests.test_ui_toolbar_readability" name="test_overflow_menu_retains_readable_orientation_action_names" time="0.004" /><testcase classname="tests.test_visio_crossings" name="test_semicircle_direction_independent_of_waypoint_order[False-False]" time="0.000" /><testcase classname="tests.test_visio_crossings" name="test_semicircle_direction_independent_of_waypoint_order[False-True]" time="0.000" /><testcase classname="tests.test_visio_crossings" name="test_semicircle_direction_independent_of_waypoint_order[True-False]" time="0.000" /><testcase classname="tests.test_visio_crossings" name="test_semicircle_direction_independent_of_waypoint_order[True-True]" time="0.000" /><testcase classname="tests.test_visio_crossings" name="test_same_remote_node_identity_does_not_create_an_interior_junction" time="0.000" /><testcase classname="tests.test_visio_crossings" name="test_physical_branches_sharing_remote_end_nodes_still_cross_without_connection" time="0.000" /><testcase classname="tests.test_visio_crossings" name="test_actual_shared_endpoint_is_not_bridged" time="0.000" /><testcase classname="tests.test_visio_crossings" name="test_corner_uses_other_wire_and_close_crossings_merge_without_overlap" time="0.000" /><testcase classname="tests.test_visio_crossings" name="test_jump_does_not_cover_an_existing_junction_and_bus_never_jumps" time="0.000" /><testcase classname="tests.test_visio_crossings" name="test_degenerate_and_diagonal_legacy_segments_are_not_rewritten" time="0.000" /><testcase classname="tests.test_visio_crossings" name="test_scene_sync_and_preview_preserve_domain_ids_waypoints_selection_and_hit_path" time="0.014" /><testcase classname="tests.test_visio_crossings" name="test_physical_line_display_paths_use_local_coordinates_and_clear_after_move" time="0.003" /><testcase classname="tests.test_visio_style_integration" name="test_render_mode_color_and_state_sync_preserve_entire_project" time="0.639" /><testcase classname="tests.test_visio_style_integration" name="test_all_switch_ports_stay_fixed_when_opened_at_each_rotation[0-circuit_breaker]" time="0.014" /><testcase classname="tests.test_visio_style_integration" name="test_all_switch_ports_stay_fixed_when_opened_at_each_rotation[0-recloser]" time="0.013" /><testcase classname="tests.test_visio_style_integration" name="test_all_switch_ports_stay_fixed_when_opened_at_each_rotation[0-disconnector]" time="0.013" /><testcase classname="tests.test_visio_style_integration" name="test_all_switch_ports_stay_fixed_when_opened_at_each_rotation[90-circuit_breaker]" time="0.013" /><testcase classname="tests.test_visio_style_integration" name="test_all_switch_ports_stay_fixed_when_opened_at_each_rotation[90-recloser]" time="0.013" /><testcase classname="tests.test_visio_style_integration" name="test_all_switch_ports_stay_fixed_when_opened_at_each_rotation[90-disconnector]" time="0.013" /><testcase classname="tests.test_visio_style_integration" name="test_all_switch_ports_stay_fixed_when_opened_at_each_rotation[180-circuit_breaker]" time="0.014" /><testcase classname="tests.test_visio_style_integration" name="test_all_switch_ports_stay_fixed_when_opened_at_each_rotation[180-recloser]" time="0.014" /><testcase classname="tests.test_visio_style_integration" name="test_all_switch_ports_stay_fixed_when_opened_at_each_rotation[180-disconnector]" time="0.013" /><testcase classname="tests.test_visio_style_integration" name="test_all_switch_ports_stay_fixed_when_opened_at_each_rotation[270-circuit_breaker]" time="0.013" /><testcase classname="tests.test_visio_style_integration" name="test_all_switch_ports_stay_fixed_when_opened_at_each_rotation[270-recloser]" time="0.013" /><testcase classname="tests.test_visio_style_integration" name="test_all_switch_ports_stay_fixed_when_opened_at_each_rotation[270-disconnector]" time="0.013" /><testcase classname="tests.test_visio_style_integration" name="test_breaker_body_uses_nominal_voltage_and_position_fill_on_dead_network[color-False-#E5B9B5]" time="0.010" /><testcase classname="tests.test_visio_style_integration" name="test_breaker_body_uses_nominal_voltage_and_position_fill_on_dead_network[color-True-#92D050]" time="0.011" /><testcase classname="tests.test_visio_style_integration" name="test_breaker_body_uses_nominal_voltage_and_position_fill_on_dead_network[monochrome-False-#E5B9B5]" time="0.010" /><testcase classname="tests.test_visio_style_integration" name="test_breaker_body_uses_nominal_voltage_and_position_fill_on_dead_network[monochrome-True-#92D050]" time="0.011" /><testcase classname="tests.test_visio_style_integration" name="test_display_crossing_keeps_four_nodes_and_two_electrical_components" time="0.016" /><testcase classname="tests.test_visio_style_integration" name="test_equipment_label_is_horizontal_and_saved_anchor_is_not_rewritten[0]" time="0.011" /><testcase classname="tests.test_visio_style_integration" name="test_equipment_label_is_horizontal_and_saved_anchor_is_not_rewritten[90]" time="0.011" /><testcase classname="tests.test_visio_style_integration" name="test_equipment_label_is_horizontal_and_saved_anchor_is_not_rewritten[180]" time="0.011" /><testcase classname="tests.test_visio_style_integration" name="test_equipment_label_is_horizontal_and_saved_anchor_is_not_rewritten[270]" time="0.011" /><testcase classname="tests.test_visio_style_integration" name="test_physical_route_names_and_parameters_are_horizontal_without_duplicate_object_labels" time="0.411" /><testcase classname="tests.test_visio_style_integration" name="test_bus_marks_only_explicit_anchors_and_branches_have_gaps_in_both_directions" time="0.027" /><testcase classname="tests.test_visio_style_integration" name="test_unknown_state_never_claims_closed_or_open_and_preserves_ports" time="0.012" /><testcase classname="tests.test_visio_style_integration" name="test_explicitly_hidden_equipment_label_is_not_reintroduced_by_branch_route" time="0.015" /><testcase classname="tests.test_visio_style_integration" name="test_factory_label_anchor_is_drawn_outside_body_without_rewriting_saved_defaults[0]" time="0.011" /><testcase classname="tests.test_visio_style_integration" name="test_factory_label_anchor_is_drawn_outside_body_without_rewriting_saved_defaults[90]" time="0.010" /><testcase classname="tests.test_visio_style_integration" name="test_factory_label_anchor_is_drawn_outside_body_without_rewriting_saved_defaults[180]" time="0.010" /><testcase classname="tests.test_visio_style_integration" name="test_factory_label_anchor_is_drawn_outside_body_without_rewriting_saved_defaults[270]" time="0.010" /><testcase classname="tests.test_visio_style_integration" name="test_open_switch_keeps_live_incoming_lead_and_dead_outgoing_lead_solid[circuit_breaker]" time="0.015" /><testcase classname="tests.test_visio_style_integration" name="test_open_switch_keeps_live_incoming_lead_and_dead_outgoing_lead_solid[recloser]" time="0.015" /><testcase classname="tests.test_visio_style_integration" name="test_open_switch_keeps_live_incoming_lead_and_dead_outgoing_lead_solid[disconnector]" time="0.015" /><testcase classname="tests.test_visio_symbols" name="test_breaker_bar_tracks_conductor_axis_and_preserves_ports[False-0-circuit_breaker]" time="0.000" /><testcase classname="tests.test_visio_symbols" name="test_breaker_bar_tracks_conductor_axis_and_preserves_ports[False-0-recloser]" time="0.000" /><testcase classname="tests.test_visio_symbols" name="test_breaker_bar_tracks_conductor_axis_and_preserves_ports[False-90-circuit_breaker]" time="0.000" /><testcase classname="tests.test_visio_symbols" name="test_breaker_bar_tracks_conductor_axis_and_preserves_ports[False-90-recloser]" time="0.000" /><testcase classname="tests.test_visio_symbols" name="test_breaker_bar_tracks_conductor_axis_and_preserves_ports[False-180-circuit_breaker]" time="0.000" /><testcase classname="tests.test_visio_symbols" name="test_breaker_bar_tracks_conductor_axis_and_preserves_ports[False-180-recloser]" time="0.000" /><testcase classname="tests.test_visio_symbols" name="test_breaker_bar_tracks_conductor_axis_and_preserves_ports[False-270-circuit_breaker]" time="0.000" /><testcase classname="tests.test_visio_symbols" name="test_breaker_bar_tracks_conductor_axis_and_preserves_ports[False-270-recloser]" time="0.000" /><testcase classname="tests.test_visio_symbols" name="test_breaker_bar_tracks_conductor_axis_and_preserves_ports[True-0-circuit_breaker]" time="0.000" /><testcase classname="tests.test_visio_symbols" name="test_breaker_bar_tracks_conductor_axis_and_preserves_ports[True-0-recloser]" time="0.000" /><testcase classname="tests.test_visio_symbols" name="test_breaker_bar_tracks_conductor_axis_and_preserves_ports[True-90-circuit_breaker]" time="0.000" /><testcase classname="tests.test_visio_symbols" name="test_breaker_bar_tracks_conductor_axis_and_preserves_ports[True-90-recloser]" time="0.000" /><testcase classname="tests.test_visio_symbols" name="test_breaker_bar_tracks_conductor_axis_and_preserves_ports[True-180-circuit_breaker]" time="0.000" /><testcase classname="tests.test_visio_symbols" name="test_breaker_bar_tracks_conductor_axis_and_preserves_ports[True-180-recloser]" time="0.000" /><testcase classname="tests.test_visio_symbols" name="test_breaker_bar_tracks_conductor_axis_and_preserves_ports[True-270-circuit_breaker]" time="0.000" /><testcase classname="tests.test_visio_symbols" name="test_breaker_bar_tracks_conductor_axis_and_preserves_ports[True-270-recloser]" time="0.000" /><testcase classname="tests.test_visio_symbols" name="test_svg_switch_fill_is_independent_from_nominal_outline_and_dead_leads[False-0-circuit_breaker]" time="0.000" /><testcase classname="tests.test_visio_symbols" name="test_svg_switch_fill_is_independent_from_nominal_outline_and_dead_leads[False-0-recloser]" time="0.000" /><testcase classname="tests.test_visio_symbols" name="test_svg_switch_fill_is_independent_from_nominal_outline_and_dead_leads[False-90-circuit_breaker]" time="0.000" /><testcase classname="tests.test_visio_symbols" name="test_svg_switch_fill_is_independent_from_nominal_outline_and_dead_leads[False-90-recloser]" time="0.000" /><testcase classname="tests.test_visio_symbols" name="test_svg_switch_fill_is_independent_from_nominal_outline_and_dead_leads[False-180-circuit_breaker]" time="0.000" /><testcase classname="tests.test_visio_symbols" name="test_svg_switch_fill_is_independent_from_nominal_outline_and_dead_leads[False-180-recloser]" time="0.000" /><testcase classname="tests.test_visio_symbols" name="test_svg_switch_fill_is_independent_from_nominal_outline_and_dead_leads[False-270-circuit_breaker]" time="0.000" /><testcase classname="tests.test_visio_symbols" name="test_svg_switch_fill_is_independent_from_nominal_outline_and_dead_leads[False-270-recloser]" time="0.000" /><testcase classname="tests.test_visio_symbols" name="test_svg_switch_fill_is_independent_from_nominal_outline_and_dead_leads[True-0-circuit_breaker]" time="0.000" /><testcase classname="tests.test_visio_symbols" name="test_svg_switch_fill_is_independent_from_nominal_outline_and_dead_leads[True-0-recloser]" time="0.000" /><testcase classname="tests.test_visio_symbols" name="test_svg_switch_fill_is_independent_from_nominal_outline_and_dead_leads[True-90-circuit_breaker]" time="0.000" /><testcase classname="tests.test_visio_symbols" name="test_svg_switch_fill_is_independent_from_nominal_outline_and_dead_leads[True-90-recloser]" time="0.000" /><testcase classname="tests.test_visio_symbols" name="test_svg_switch_fill_is_independent_from_nominal_outline_and_dead_leads[True-180-circuit_breaker]" time="0.000" /><testcase classname="tests.test_visio_symbols" name="test_svg_switch_fill_is_independent_from_nominal_outline_and_dead_leads[True-180-recloser]" time="0.000" /><testcase classname="tests.test_visio_symbols" name="test_svg_switch_fill_is_independent_from_nominal_outline_and_dead_leads[True-270-circuit_breaker]" time="0.000" /><testcase classname="tests.test_visio_symbols" name="test_svg_switch_fill_is_independent_from_nominal_outline_and_dead_leads[True-270-recloser]" time="0.000" /><testcase classname="tests.test_visio_symbols" name="test_unknown_nominal_body_does_not_guess_from_a_live_or_dead_terminal" time="0.000" /><testcase classname="tests.test_visio_symbols" name="test_svg_body_color_explicit_argument_then_body_role_then_nominal_fallback" time="0.000" /><testcase classname="tests.test_visio_symbols" name="test_monochrome_switch_preserves_indicator_and_removes_state_hues[0-False]" time="0.000" /><testcase classname="tests.test_visio_symbols" name="test_monochrome_switch_preserves_indicator_and_removes_state_hues[0-True]" time="0.000" /><testcase classname="tests.test_visio_symbols" name="test_monochrome_switch_preserves_indicator_and_removes_state_hues[90-False]" time="0.000" /><testcase classname="tests.test_visio_symbols" name="test_monochrome_switch_preserves_indicator_and_removes_state_hues[90-True]" time="0.000" /><testcase classname="tests.test_visio_symbols" name="test_monochrome_switch_preserves_indicator_and_removes_state_hues[180-False]" time="0.000" /><testcase classname="tests.test_visio_symbols" name="test_monochrome_switch_preserves_indicator_and_removes_state_hues[180-True]" time="0.000" /><testcase classname="tests.test_visio_symbols" name="test_monochrome_switch_preserves_indicator_and_removes_state_hues[270-False]" time="0.000" /><testcase classname="tests.test_visio_symbols" name="test_monochrome_switch_preserves_indicator_and_removes_state_hues[270-True]" time="0.000" /><testcase classname="tests.test_visio_symbols" name="test_state_fill_survives_nonrotating_primitive_copy" time="0.000" /><testcase classname="tests.test_visio_symbols" name="test_switch_fill_resolver_validates_state" time="0.000" /><testcase classname="tests.test_visio_symbols" name="test_transformer_winding_circles_use_their_semantic_voltage_roles[transformer_2w-roles0]" time="0.000" /><testcase classname="tests.test_visio_symbols" name="test_transformer_winding_circles_use_their_semantic_voltage_roles[transformer_3w-roles1]" time="0.000" /><testcase classname="tests.test_visio_symbols" name="test_recloser_retains_distinct_apv_arc_without_changing_breaker_body" time="0.000" /><testcase classname="tests.test_visio_symbols" name="test_busbar_weight_matches_visio_ratio_in_both_orientations[160.0-16.0]" time="0.000" /><testcase classname="tests.test_visio_symbols" name="test_busbar_weight_matches_visio_ratio_in_both_orientations[16.0-160.0]" time="0.000" /><testcase classname="tests.test_visio_symbols" name="test_only_reference_observed_voltage_classes_are_updated" time="0.000" /><testcase classname="tests.test_voltage_basis" name="test_stage_voltage_is_the_average_of_the_class" time="0.000" /><testcase classname="tests.test_voltage_basis" name="test_explicit_calculation_base_overrides_the_table" time="0.000" /><testcase classname="tests.test_voltage_basis" name="test_solver_base_is_a_stage_voltage" time="0.001" /><testcase classname="tests.test_voltage_basis" name="test_hand_check_two_stage_substation" time="0.000" /><testcase classname="tests.test_voltage_basis" name="test_source_stage_current_matches_short_circuit_power" time="0.000" /><testcase classname="tests.test_voltage_basis" name="test_same_stage_spelled_differently_gives_the_same_result[115-11]" time="0.001" /><testcase classname="tests.test_voltage_basis" name="test_same_stage_spelled_differently_gives_the_same_result[110-10]" time="0.001" /><testcase classname="tests.test_voltage_basis" name="test_same_stage_spelled_differently_gives_the_same_result[115-10]" time="0.001" /><testcase classname="tests.test_voltage_basis" name="test_same_stage_spelled_differently_gives_the_same_result[110-11]" time="0.001" /><testcase classname="tests.test_voltage_basis" name="test_drawing_direction_does_not_change_the_result" time="0.001" /><testcase classname="tests.test_voltage_basis" name="test_nameplate_that_contradicts_the_node_class_is_rejected" time="0.000" /><testcase classname="tests.test_voltage_basis" name="test_real_six_kilovolt_transformer_is_computed_on_its_own_stage" time="0.000" /><testcase classname="tests.test_voltage_basis" name="test_stage_node_is_found_from_nameplate_not_from_record_order" time="0.000" /><testcase classname="tests.test_voltage_basis" name="test_belongs_to_stage_accepts_average_voltages_and_rejects_other_classes" time="0.000" /><testcase classname="tests.test_voltage_basis" name="test_current_referral_between_stages_uses_the_same_basis" time="0.003" /><testcase classname="tests.test_voltage_basis" name="test_zero_impedance_threshold_comes_from_the_methodology" time="0.000" /><testcase classname="tests.test_voltage_basis" name="test_source_contributions_sum_to_the_total_current" time="0.001" /><testcase classname="tests.test_voltage_basis" name="test_protocol_lists_only_branches_that_carry_current" time="0.001" /><testcase classname="tests.test_voltage_inspector" name="test_opening_unknown_voltage_properties_never_assigns_a_default" time="0.011" /><testcase classname="tests.test_voltage_inspector" name="test_explicit_group_choice_preserves_ids_and_undoes" time="0.018" /><testcase classname="tests.test_voltage_inspector" name="test_transformer_sides_are_separate_semantic_choices" time="0.027" /><testcase classname="tests.test_voltage_inspector" name="test_bus_voltage_is_explicit_and_readonly_after_connection" time="0.020" /><testcase classname="tests.test_voltage_inspector" name="test_view_mode_cannot_assign_voltage" time="0.008" /><testcase classname="tests.test_voltage_inspector" name="test_imported_transformer_shows_voltage_by_role_without_new_groups" time="0.531" /><testcase classname="tests.test_voltage_inspector" name="test_inspector_values_and_units_stay_visible_at_panel_width[330-True]" time="0.043" /><testcase classname="tests.test_voltage_inspector" name="test_inspector_values_and_units_stay_visible_at_panel_width[760-False]" time="0.002" /></testsuite></testsuites>